<?xml version="1.0" encoding="UTF-8"?>
<testsuite xmlns:xsi="http://www.w3.org/2001/XMLSchema-instance" xsi:noNamespaceSchemaLocation="https://maven.apache.org/surefire/maven-surefire-plugin/xsd/surefire-test-report.xsd" name="com.wiredbraincoffee.reward.set01.testStructure.RewardByDiscountServiceTest" time="0.001" tests="3" errors="0" skipped="0" failures="0">
  <properties>
    <property name="java.specification.version" value="15"/>
    <property name="sun.jnu.encoding" value="UTF-8"/>
    <property name="java.class.path" value="/Users/kuldeepsingh/eclipse-workspace/JUnit5-Samples/target/test-classes:/Users/kuldeepsingh/eclipse-workspace/JUnit5-Samples/target/classes:/Users/kuldeepsingh/.m2/repository/org/junit/jupiter/junit-jupiter-api/5.6.0/junit-jupiter-api-5.6.0.jar:/Users/kuldeepsingh/.m2/repository/org/apiguardian/apiguardian-api/1.1.0/apiguardian-api-1.1.0.jar:/Users/kuldeepsingh/.m2/repository/org/opentest4j/opentest4j/1.2.0/opentest4j-1.2.0.jar:/Users/kuldeepsingh/.m2/repository/org/junit/platform/junit-platform-commons/1.6.0/junit-platform-commons-1.6.0.jar:/Users/kuldeepsingh/.m2/repository/org/junit/jupiter/junit-jupiter-params/5.6.0/junit-jupiter-params-5.6.0.jar:/Users/kuldeepsingh/.m2/repository/org/junit/jupiter/junit-jupiter-engine/5.6.0/junit-jupiter-engine-5.6.0.jar:/Users/kuldeepsingh/.m2/repository/org/junit/platform/junit-platform-engine/1.6.0/junit-platform-engine-1.6.0.jar:/Users/kuldeepsingh/.m2/repository/org/junit/vintage/junit-vintage-engine/5.6.0/junit-vintage-engine-5.6.0.jar:/Users/kuldeepsingh/.m2/repository/junit/junit/4.13/junit-4.13.jar:/Users/kuldeepsingh/.m2/repository/org/hamcrest/hamcrest-core/1.3/hamcrest-core-1.3.jar:/Users/kuldeepsingh/.m2/repository/org/junit/platform/junit-platform-launcher/1.6.0/junit-platform-launcher-1.6.0.jar:/Users/kuldeepsingh/.m2/repository/org/junit/platform/junit-platform-runner/1.6.0/junit-platform-runner-1.6.0.jar:/Users/kuldeepsingh/.m2/repository/org/junit/platform/junit-platform-suite-api/1.6.0/junit-platform-suite-api-1.6.0.jar:/Users/kuldeepsingh/.m2/repository/org/mockito/mockito-junit-jupiter/3.2.4/mockito-junit-jupiter-3.2.4.jar:/Users/kuldeepsingh/.m2/repository/org/mockito/mockito-core/3.2.4/mockito-core-3.2.4.jar:/Users/kuldeepsingh/.m2/repository/net/bytebuddy/byte-buddy/1.10.5/byte-buddy-1.10.5.jar:/Users/kuldeepsingh/.m2/repository/net/bytebuddy/byte-buddy-agent/1.10.5/byte-buddy-agent-1.10.5.jar:/Users/kuldeepsingh/.m2/repository/org/objenesis/objenesis/2.6/objenesis-2.6.jar:"/>
    <property name="java.vm.vendor" value="Oracle Corporation"/>
    <property name="sun.arch.data.model" value="64"/>
    <property name="java.vendor.url" value="https://java.oracle.com/"/>
    <property name="os.name" value="Mac OS X"/>
    <property name="java.vm.specification.version" value="15"/>
    <property name="sun.java.launcher" value="SUN_STANDARD"/>
    <property name="user.country" value="IN"/>
    <property name="sun.boot.library.path" value="/Library/Java/JavaVirtualMachines/jdk-15.0.2.jdk/Contents/Home/lib"/>
    <property name="sun.java.command" value="/Users/kuldeepsingh/eclipse-workspace/JUnit5-Samples/target/surefire/surefirebooter13313679469935274199.jar /Users/kuldeepsingh/eclipse-workspace/JUnit5-Samples/target/surefire 2021-07-26T13-07-07_561-jvmRun1 surefire11112832912364460696tmp surefire_09697073222028996222tmp"/>
    <property name="http.nonProxyHosts" value="local|*.local|169.254/16|*.169.254/16"/>
    <property name="jdk.debug" value="release"/>
    <property name="surefire.test.class.path" value="/Users/kuldeepsingh/eclipse-workspace/JUnit5-Samples/target/test-classes:/Users/kuldeepsingh/eclipse-workspace/JUnit5-Samples/target/classes:/Users/kuldeepsingh/.m2/repository/org/junit/jupiter/junit-jupiter-api/5.6.0/junit-jupiter-api-5.6.0.jar:/Users/kuldeepsingh/.m2/repository/org/apiguardian/apiguardian-api/1.1.0/apiguardian-api-1.1.0.jar:/Users/kuldeepsingh/.m2/repository/org/opentest4j/opentest4j/1.2.0/opentest4j-1.2.0.jar:/Users/kuldeepsingh/.m2/repository/org/junit/platform/junit-platform-commons/1.6.0/junit-platform-commons-1.6.0.jar:/Users/kuldeepsingh/.m2/repository/org/junit/jupiter/junit-jupiter-params/5.6.0/junit-jupiter-params-5.6.0.jar:/Users/kuldeepsingh/.m2/repository/org/junit/jupiter/junit-jupiter-engine/5.6.0/junit-jupiter-engine-5.6.0.jar:/Users/kuldeepsingh/.m2/repository/org/junit/platform/junit-platform-engine/1.6.0/junit-platform-engine-1.6.0.jar:/Users/kuldeepsingh/.m2/repository/org/junit/vintage/junit-vintage-engine/5.6.0/junit-vintage-engine-5.6.0.jar:/Users/kuldeepsingh/.m2/repository/junit/junit/4.13/junit-4.13.jar:/Users/kuldeepsingh/.m2/repository/org/hamcrest/hamcrest-core/1.3/hamcrest-core-1.3.jar:/Users/kuldeepsingh/.m2/repository/org/junit/platform/junit-platform-launcher/1.6.0/junit-platform-launcher-1.6.0.jar:/Users/kuldeepsingh/.m2/repository/org/junit/platform/junit-platform-runner/1.6.0/junit-platform-runner-1.6.0.jar:/Users/kuldeepsingh/.m2/repository/org/junit/platform/junit-platform-suite-api/1.6.0/junit-platform-suite-api-1.6.0.jar:/Users/kuldeepsingh/.m2/repository/org/mockito/mockito-junit-jupiter/3.2.4/mockito-junit-jupiter-3.2.4.jar:/Users/kuldeepsingh/.m2/repository/org/mockito/mockito-core/3.2.4/mockito-core-3.2.4.jar:/Users/kuldeepsingh/.m2/repository/net/bytebuddy/byte-buddy/1.10.5/byte-buddy-1.10.5.jar:/Users/kuldeepsingh/.m2/repository/net/bytebuddy/byte-buddy-agent/1.10.5/byte-buddy-agent-1.10.5.jar:/Users/kuldeepsingh/.m2/repository/org/objenesis/objenesis/2.6/objenesis-2.6.jar:"/>
    <property name="sun.cpu.endian" value="little"/>
    <property name="user.home" value="/Users/kuldeepsingh"/>
    <property name="user.language" value="en"/>
    <property name="java.specification.vendor" value="Oracle Corporation"/>
    <property name="java.version.date" value="2021-01-19"/>
    <property name="java.home" value="/Library/Java/JavaVirtualMachines/jdk-15.0.2.jdk/Contents/Home"/>
    <property name="file.separator" value="/"/>
    <property name="basedir" value="/Users/kuldeepsingh/eclipse-workspace/JUnit5-Samples"/>
    <property name="java.vm.compressedOopsMode" value="Zero based"/>
    <property name="line.separator" value="&#10;"/>
    <property name="java.specification.name" value="Java Platform API Specification"/>
    <property name="java.vm.specification.vendor" value="Oracle Corporation"/>
    <property name="surefire.real.class.path" value="/Users/kuldeepsingh/eclipse-workspace/JUnit5-Samples/target/surefire/surefirebooter13313679469935274199.jar"/>
    <property name="sun.management.compiler" value="HotSpot 64-Bit Tiered Compilers"/>
    <property name="ftp.nonProxyHosts" value="local|*.local|169.254/16|*.169.254/16"/>
    <property name="java.runtime.version" value="15.0.2+7-27"/>
    <property name="user.name" value="kuldeepsingh"/>
    <property name="path.separator" value=":"/>
    <property name="os.version" value="10.16"/>
    <property name="java.runtime.name" value="Java(TM) SE Runtime Environment"/>
    <property name="file.encoding" value="UTF-8"/>
    <property name="java.vm.name" value="Java HotSpot(TM) 64-Bit Server VM"/>
    <property name="localRepository" value="/Users/kuldeepsingh/.m2/repository"/>
    <property name="java.vendor.url.bug" value="https://bugreport.java.com/bugreport/"/>
    <property name="java.io.tmpdir" value="/var/folders/t1/gv93wbnd18vgrc99vtrh50s40000gn/T/"/>
    <property name="java.version" value="15.0.2"/>
    <property name="user.dir" value="/Users/kuldeepsingh/eclipse-workspace/JUnit5-Samples"/>
    <property name="os.arch" value="x86_64"/>
    <property name="java.vm.specification.name" value="Java Virtual Machine Specification"/>
    <property name="java.library.path" value="/Users/kuldeepsingh/Library/Java/Extensions:/Library/Java/Extensions:/Network/Library/Java/Extensions:/System/Library/Java/Extensions:/usr/lib/java:."/>
    <property name="java.vm.info" value="mixed mode, sharing"/>
    <property name="java.vendor" value="Oracle Corporation"/>
    <property name="java.vm.version" value="15.0.2+7-27"/>
    <property name="sun.io.unicode.encoding" value="UnicodeBig"/>
    <property name="socksNonProxyHosts" value="local|*.local|169.254/16|*.169.254/16"/>
    <property name="java.class.version" value="59.0"/>
  </properties>
  <testcase name="setNeededPoints" classname="com.wiredbraincoffee.reward.set01.testStructure.RewardByDiscountServiceTest" time="0"/>
  <testcase name="setPercentageForPoints" classname="com.wiredbraincoffee.reward.set01.testStructure.RewardByDiscountServiceTest" time="0"/>
  <testcase name="zeroCustomerPoints" classname="com.wiredbraincoffee.reward.set01.testStructure.RewardByDiscountServiceTest" time="0"/>
</testsuite>